生成启动时间为 2018/6/20 22:22:04。
     1>项目“D:\Codes\VSProject\OpenCvTest\OpenCvTest\OpenCvTest.vcxproj”在节点 2 上(Build 个目标)。
     1>Link:
         C:\Program Files (x86)\Microsoft Visual Studio 12.0\VC\bin\link.exe /ERRORREPORT:PROMPT /OUT:"D:\Codes\VSProject\OpenCvTest\Debug\OpenCvTest.exe" /INCREMENTAL /NOLOGO opencv_ml2410d.lib opencv_calib3d2410d.lib opencv_contrib2410d.lib opencv_core2410d.lib opencv_features2d2410d.lib opencv_flann2410d.lib opencv_gpu2410d.lib opencv_highgui2410d.lib opencv_imgproc2410d.lib opencv_legacy2410d.lib opencv_objdetect2410d.lib opencv_ts2410d.lib opencv_video2410d.lib opencv_nonfree2410d.lib opencv_ocl2410d.lib opencv_photo2410d.lib opencv_stitching2410d.lib opencv_superres2410d.lib opencv_videostab2410d.lib kernel32.lib user32.lib gdi32.lib winspool.lib comdlg32.lib advapi32.lib shell32.lib ole32.lib oleaut32.lib uuid.lib odbc32.lib odbccp32.lib /MANIFEST /MANIFESTUAC:"level='asInvoker' uiAccess='false'" /manifest:embed /DEBUG /PDB:"D:\Codes\VSProject\OpenCvTest\Debug\OpenCvTest.pdb" /SUBSYSTEM:CONSOLE /TLBID:1 /DYNAMICBASE /NXCOMPAT /IMPLIB:"D:\Codes\VSProject\OpenCvTest\Debug\OpenCvTest.lib" /MACHINE:X86 Debug\OpenCvTest.obj
         Debug\stdafx.obj
     1>OpenCvTest.obj : error LNK2019: 无法解析的外部符号 _cvReleaseImage，该符号在函数 _wmain 中被引用
     1>OpenCvTest.obj : error LNK2019: 无法解析的外部符号 _cvNamedWindow，该符号在函数 _wmain 中被引用
     1>OpenCvTest.obj : error LNK2019: 无法解析的外部符号 _cvShowImage，该符号在函数 _wmain 中被引用
     1>OpenCvTest.obj : error LNK2019: 无法解析的外部符号 _cvDestroyWindow，该符号在函数 _wmain 中被引用
     1>OpenCvTest.obj : error LNK2019: 无法解析的外部符号 _cvLoadImage，该符号在函数 _wmain 中被引用
     1>OpenCvTest.obj : error LNK2019: 无法解析的外部符号 _cvWaitKey，该符号在函数 _wmain 中被引用
     1>D:\Codes\VSProject\OpenCvTest\Debug\OpenCvTest.exe : fatal error LNK1120: 6 个无法解析的外部命令
     1>已完成生成项目“D:\Codes\VSProject\OpenCvTest\OpenCvTest\OpenCvTest.vcxproj”(Build 个目标)的操作 - 失败。

生成失败。

已用时间 00:00:00.21
